  Source.cpp
f:\My Stuff\SDL\Facultate\Master\anu 2\sem 1\Analiza continutului imaginilor\ACI\Source.cpp(43,44): warning C4267: 'argument': conversion from 'size_t' to 'int', possible loss of data
f:\My Stuff\SDL\Facultate\Master\anu 2\sem 1\Analiza continutului imaginilor\ACI\Source.cpp(75,89): warning C4244: 'argument': conversion from '_Tp' to '_Tp', possible loss of data
f:\My Stuff\SDL\Facultate\Master\anu 2\sem 1\Analiza continutului imaginilor\ACI\Source.cpp(75,89): warning C4244:         with
f:\My Stuff\SDL\Facultate\Master\anu 2\sem 1\Analiza continutului imaginilor\ACI\Source.cpp(75,89): warning C4244:         [
f:\My Stuff\SDL\Facultate\Master\anu 2\sem 1\Analiza continutului imaginilor\ACI\Source.cpp(75,89): warning C4244:             _Tp=int
f:\My Stuff\SDL\Facultate\Master\anu 2\sem 1\Analiza continutului imaginilor\ACI\Source.cpp(75,89): warning C4244:         ]
f:\My Stuff\SDL\Facultate\Master\anu 2\sem 1\Analiza continutului imaginilor\ACI\Source.cpp(75,89): warning C4244:         and
f:\My Stuff\SDL\Facultate\Master\anu 2\sem 1\Analiza continutului imaginilor\ACI\Source.cpp(75,89): warning C4244:         [
f:\My Stuff\SDL\Facultate\Master\anu 2\sem 1\Analiza continutului imaginilor\ACI\Source.cpp(75,89): warning C4244:             _Tp=float
f:\My Stuff\SDL\Facultate\Master\anu 2\sem 1\Analiza continutului imaginilor\ACI\Source.cpp(75,89): warning C4244:         ]
f:\My Stuff\SDL\Facultate\Master\anu 2\sem 1\Analiza continutului imaginilor\ACI\Source.cpp(75,69): warning C4244: 'argument': conversion from 'int' to '_Tp', possible loss of data
f:\My Stuff\SDL\Facultate\Master\anu 2\sem 1\Analiza continutului imaginilor\ACI\Source.cpp(75,69): warning C4244:         with
f:\My Stuff\SDL\Facultate\Master\anu 2\sem 1\Analiza continutului imaginilor\ACI\Source.cpp(75,69): warning C4244:         [
f:\My Stuff\SDL\Facultate\Master\anu 2\sem 1\Analiza continutului imaginilor\ACI\Source.cpp(75,69): warning C4244:             _Tp=float
f:\My Stuff\SDL\Facultate\Master\anu 2\sem 1\Analiza continutului imaginilor\ACI\Source.cpp(75,69): warning C4244:         ]
f:\My Stuff\SDL\Facultate\Master\anu 2\sem 1\Analiza continutului imaginilor\ACI\Source.cpp(133,27): warning C4305: 'initializing': truncation from 'double' to 'float'
f:\My Stuff\SDL\Facultate\Master\anu 2\sem 1\Analiza continutului imaginilor\ACI\Source.cpp(139,34): warning C4244: 'argument': conversion from 'float' to 'const unsigned __int64', possible loss of data
f:\My Stuff\SDL\Facultate\Master\anu 2\sem 1\Analiza continutului imaginilor\ACI\Source.cpp(145,43): warning C4244: '=': conversion from 'double' to '_Tp', possible loss of data
f:\My Stuff\SDL\Facultate\Master\anu 2\sem 1\Analiza continutului imaginilor\ACI\Source.cpp(145,43): warning C4244:         with
f:\My Stuff\SDL\Facultate\Master\anu 2\sem 1\Analiza continutului imaginilor\ACI\Source.cpp(145,43): warning C4244:         [
f:\My Stuff\SDL\Facultate\Master\anu 2\sem 1\Analiza continutului imaginilor\ACI\Source.cpp(145,43): warning C4244:             _Tp=float
f:\My Stuff\SDL\Facultate\Master\anu 2\sem 1\Analiza continutului imaginilor\ACI\Source.cpp(145,43): warning C4244:         ]
f:\My Stuff\SDL\Facultate\Master\anu 2\sem 1\Analiza continutului imaginilor\ACI\Source.cpp(149,14): warning C4244: 'argument': conversion from 'float' to 'const unsigned __int64', possible loss of data
f:\My Stuff\SDL\Facultate\Master\anu 2\sem 1\Analiza continutului imaginilor\ACI\Source.cpp(149,61): warning C4244: '+=': conversion from '_Tp' to '_Ty', possible loss of data
f:\My Stuff\SDL\Facultate\Master\anu 2\sem 1\Analiza continutului imaginilor\ACI\Source.cpp(149,61): warning C4244:         with
f:\My Stuff\SDL\Facultate\Master\anu 2\sem 1\Analiza continutului imaginilor\ACI\Source.cpp(149,61): warning C4244:         [
f:\My Stuff\SDL\Facultate\Master\anu 2\sem 1\Analiza continutului imaginilor\ACI\Source.cpp(149,61): warning C4244:             _Tp=float
f:\My Stuff\SDL\Facultate\Master\anu 2\sem 1\Analiza continutului imaginilor\ACI\Source.cpp(149,61): warning C4244:         ]
f:\My Stuff\SDL\Facultate\Master\anu 2\sem 1\Analiza continutului imaginilor\ACI\Source.cpp(149,61): warning C4244:         and
f:\My Stuff\SDL\Facultate\Master\anu 2\sem 1\Analiza continutului imaginilor\ACI\Source.cpp(149,61): warning C4244:         [
f:\My Stuff\SDL\Facultate\Master\anu 2\sem 1\Analiza continutului imaginilor\ACI\Source.cpp(149,61): warning C4244:             _Ty=int
f:\My Stuff\SDL\Facultate\Master\anu 2\sem 1\Analiza continutului imaginilor\ACI\Source.cpp(149,61): warning C4244:         ]
f:\My Stuff\SDL\Facultate\Master\anu 2\sem 1\Analiza continutului imaginilor\ACI\Source.cpp(197,15): warning C4244: 'initializing': conversion from 'int' to 'float', possible loss of data
f:\My Stuff\SDL\Facultate\Master\anu 2\sem 1\Analiza continutului imaginilor\ACI\Source.cpp(255,12): warning C4477: 'printf' : format string '%s' requires an argument of type 'char *', but variadic argument 1 has type 'std::string'
  Generating code
  2 of 415 functions ( 0.5%) were compiled, the rest were copied from previous compilation.
    0 functions were new in current compilation
    0 functions had inline decision re-evaluated but remain unchanged
  Finished generating code
  ACI.vcxproj -> F:\My Stuff\SDL\Facultate\Master\anu 2\sem 1\Analiza continutului imaginilor\ACI\x64\Release\ACI.exe
